{"/home/andy/Repos/Microverse/module 2 /week 3 /testing-practice/index.js": {"path":"/home/andy/Repos/Microverse/module 2 /week 3 /testing-practice/index.js","statementMap":{"0":{"start":{"line":3,"column":16},"end":{"line":3,"column":17}},"1":{"start":{"line":5,"column":4},"end":{"line":7,"column":5}},"2":{"start":{"line":6,"column":8},"end":{"line":6,"column":16}},"3":{"start":{"line":9,"column":4},"end":{"line":9,"column":17}},"4":{"start":{"line":12,"column":0},"end":{"line":12,"column":35}},"5":{"start":{"line":13,"column":0},"end":{"line":13,"column":33}},"6":{"start":{"line":14,"column":0},"end":{"line":14,"column":40}},"7":{"start":{"line":20,"column":16},"end":{"line":20,"column":18}},"8":{"start":{"line":22,"column":1},"end":{"line":24,"column":2}},"9":{"start":{"line":23,"column":2},"end":{"line":23,"column":29}},"10":{"start":{"line":26,"column":1},"end":{"line":26,"column":17}},"11":{"start":{"line":30,"column":0},"end":{"line":30,"column":36}},"12":{"start":{"line":31,"column":0},"end":{"line":31,"column":34}},"13":{"start":{"line":32,"column":0},"end":{"line":32,"column":41}},"14":{"start":{"line":39,"column":3},"end":{"line":39,"column":16}},"15":{"start":{"line":43,"column":3},"end":{"line":43,"column":16}},"16":{"start":{"line":47,"column":3},"end":{"line":47,"column":16}},"17":{"start":{"line":51,"column":3},"end":{"line":53,"column":4}},"18":{"start":{"line":52,"column":2},"end":{"line":52,"column":15}},"19":{"start":{"line":58,"column":19},"end":{"line":58,"column":35}},"20":{"start":{"line":60,"column":2},"end":{"line":60,"column":36}},"21":{"start":{"line":61,"column":2},"end":{"line":61,"column":36}},"22":{"start":{"line":62,"column":2},"end":{"line":62,"column":38}},"23":{"start":{"line":63,"column":2},"end":{"line":63,"column":36}},"24":{"start":{"line":65,"column":0},"end":{"line":88,"column":2}},"25":{"start":{"line":66,"column":1},"end":{"line":70,"column":3}},"26":{"start":{"line":67,"column":21},"end":{"line":67,"column":37}},"27":{"start":{"line":68,"column":2},"end":{"line":68,"column":39}},"28":{"start":{"line":71,"column":1},"end":{"line":75,"column":3}},"29":{"start":{"line":72,"column":21},"end":{"line":72,"column":37}},"30":{"start":{"line":73,"column":2},"end":{"line":73,"column":40}},"31":{"start":{"line":76,"column":1},"end":{"line":80,"column":3}},"32":{"start":{"line":77,"column":21},"end":{"line":77,"column":37}},"33":{"start":{"line":78,"column":2},"end":{"line":78,"column":41}},"34":{"start":{"line":81,"column":1},"end":{"line":85,"column":3}},"35":{"start":{"line":82,"column":21},"end":{"line":82,"column":37}},"36":{"start":{"line":83,"column":2},"end":{"line":83,"column":41}},"37":{"start":{"line":91,"column":12},"end":{"line":91,"column":19}},"38":{"start":{"line":92,"column":12},"end":{"line":92,"column":26}},"39":{"start":{"line":94,"column":0},"end":{"line":97,"column":1}},"40":{"start":{"line":94,"column":13},"end":{"line":94,"column":14}},"41":{"start":{"line":95,"column":4},"end":{"line":95,"column":62}},"42":{"start":{"line":98,"column":13},"end":{"line":98,"column":26}},"43":{"start":{"line":99,"column":0},"end":{"line":99,"column":18}}},"fnMap":{"0":{"name":"stringLength","decl":{"start":{"line":1,"column":16},"end":{"line":1,"column":28}},"loc":{"start":{"line":1,"column":37},"end":{"line":10,"column":1}},"line":1},"1":{"name":"reverseString","decl":{"start":{"line":19,"column":16},"end":{"line":19,"column":29}},"loc":{"start":{"line":19,"column":37},"end":{"line":27,"column":1}},"line":19},"2":{"name":"(anonymous_2)","decl":{"start":{"line":36,"column":1},"end":{"line":36,"column":2}},"loc":{"start":{"line":36,"column":15},"end":{"line":36,"column":17}},"line":36},"3":{"name":"(anonymous_3)","decl":{"start":{"line":38,"column":1},"end":{"line":38,"column":2}},"loc":{"start":{"line":38,"column":11},"end":{"line":40,"column":2}},"line":38},"4":{"name":"(anonymous_4)","decl":{"start":{"line":42,"column":1},"end":{"line":42,"column":2}},"loc":{"start":{"line":42,"column":11},"end":{"line":44,"column":2}},"line":42},"5":{"name":"(anonymous_5)","decl":{"start":{"line":46,"column":1},"end":{"line":46,"column":2}},"loc":{"start":{"line":46,"column":13},"end":{"line":48,"column":2}},"line":46},"6":{"name":"(anonymous_6)","decl":{"start":{"line":50,"column":1},"end":{"line":50,"column":2}},"loc":{"start":{"line":50,"column":11},"end":{"line":54,"column":2}},"line":50},"7":{"name":"(anonymous_7)","decl":{"start":{"line":65,"column":23},"end":{"line":65,"column":24}},"loc":{"start":{"line":65,"column":29},"end":{"line":87,"column":1}},"line":65},"8":{"name":"(anonymous_8)","decl":{"start":{"line":66,"column":30},"end":{"line":66,"column":31}},"loc":{"start":{"line":66,"column":36},"end":{"line":69,"column":2}},"line":66},"9":{"name":"(anonymous_9)","decl":{"start":{"line":71,"column":35},"end":{"line":71,"column":36}},"loc":{"start":{"line":71,"column":41},"end":{"line":74,"column":2}},"line":71},"10":{"name":"(anonymous_10)","decl":{"start":{"line":76,"column":35},"end":{"line":76,"column":36}},"loc":{"start":{"line":76,"column":41},"end":{"line":79,"column":2}},"line":76},"11":{"name":"(anonymous_11)","decl":{"start":{"line":81,"column":33},"end":{"line":81,"column":34}},"loc":{"start":{"line":81,"column":39},"end":{"line":84,"column":2}},"line":81}},"branchMap":{"0":{"loc":{"start":{"line":51,"column":3},"end":{"line":53,"column":4}},"type":"if","locations":[{"start":{"line":51,"column":3},"end":{"line":53,"column":4}},{"start":{},"end":{}}],"line":51}},"s":{"0":6,"1":6,"2":52,"3":6,"4":1,"5":1,"6":1,"7":3,"8":3,"9":18,"10":3,"11":1,"12":1,"13":1,"14":3,"15":3,"16":3,"17":3,"18":3,"19":1,"20":1,"21":1,"22":1,"23":1,"24":1,"25":1,"26":1,"27":1,"28":1,"29":1,"30":1,"31":1,"32":1,"33":1,"34":1,"35":1,"36":1,"37":1,"38":1,"39":1,"40":1,"41":1,"42":1,"43":1},"f":{"0":6,"1":3,"2":9,"3":3,"4":3,"5":3,"6":3,"7":1,"8":1,"9":1,"10":1,"11":1},"b":{"0":[3,0]},"_coverageSchema":"1a1c01bbd47fc00a2c39e90264f33305004495a9","hash":"ee119abedc820c43f8a86ce473cd2562a5311176"}
}
