TN:
SF:index.js
FN:1,stringLength
FN:19,reverseString
FN:36,(anonymous_2)
FN:38,(anonymous_3)
FN:42,(anonymous_4)
FN:46,(anonymous_5)
FN:50,(anonymous_6)
FN:65,(anonymous_7)
FN:66,(anonymous_8)
FN:71,(anonymous_9)
FN:76,(anonymous_10)
FN:81,(anonymous_11)
FNF:12
FNH:12
FNDA:6,stringLength
FNDA:3,reverseString
FNDA:9,(anonymous_2)
FNDA:3,(anonymous_3)
FNDA:3,(anonymous_4)
FNDA:3,(anonymous_5)
FNDA:3,(anonymous_6)
FNDA:1,(anonymous_7)
FNDA:1,(anonymous_8)
FNDA:1,(anonymous_9)
FNDA:1,(anonymous_10)
FNDA:1,(anonymous_11)
DA:3,6
DA:5,6
DA:6,52
DA:9,6
DA:12,1
DA:13,1
DA:14,1
DA:20,3
DA:22,3
DA:23,18
DA:26,3
DA:30,1
DA:31,1
DA:32,1
DA:39,3
DA:43,3
DA:47,3
DA:51,3
DA:52,3
DA:58,1
DA:60,1
DA:61,1
DA:62,1
DA:63,1
DA:65,1
DA:66,1
DA:67,1
DA:68,1
DA:71,1
DA:72,1
DA:73,1
DA:76,1
DA:77,1
DA:78,1
DA:81,1
DA:82,1
DA:83,1
DA:91,1
DA:92,1
DA:94,1
DA:95,1
DA:98,1
DA:99,1
LF:43
LH:43
BRDA:51,0,0,3
BRDA:51,0,1,0
BRF:2
BRH:1
end_of_record
